<?xml version="1.0" encoding="UTF-8"?>
<!-- Generated by org.testng.reporters.JUnitReportReporter -->
<testsuite hostname="DESKTOP-FH0MTAT" failures="0" tests="4" name="com.QaLegandProject.scripts.LoginTest" time="3.414" errors="0" timestamp="2023-06-29T14:53:28 IST" skipped="0">
  <testcase classname="com.QaLegandProject.scripts.LoginTest" name="verifySignInvalidUserinvalidPassword" time="1.032"/>
  <system-out/>
  <testcase classname="com.QaLegandProject.scripts.LoginTest" name="verifySignIninvalidUservalidPassword" time="0.498"/>
  <system-out/>
  <testcase classname="com.QaLegandProject.scripts.LoginTest" name="verifySignIninvalidUserinvalidPassword" time="0.505"/>
  <system-out/>
  <testcase classname="com.QaLegandProject.scripts.LoginTest" name="verifySignInvalidUservalidPassword" time="1.379"/>
  <system-out/>
</testsuite> <!-- com.QaLegandProject.scripts.LoginTest -->
