<?xml version="1.0" encoding="UTF-8"?>
<!-- Generated by org.testng.reporters.JUnitReportReporter -->
<testsuite hostname="DESKTOP-FH0MTAT" failures="0" tests="7" name="com.QaLegandProject.scripts.CustomerTest" time="3.891" errors="0" timestamp="2023-06-29T14:53:28 IST" skipped="0">
  <testcase classname="com.QaLegandProject.scripts.CustomerTest" name="verifyingShowEntries" time="0.141"/>
  <system-out/>
  <testcase classname="com.QaLegandProject.scripts.CustomerTest" name="deleteselectedrow" time="0.986"/>
  <system-out/>
  <testcase classname="com.QaLegandProject.scripts.CustomerTest" name="verifyingClientAddition" time="0.362"/>
  <system-out/>
  <testcase classname="com.QaLegandProject.scripts.CustomerTest" name="verifyingPageNavigation" time="0.599"/>
  <system-out/>
  <testcase classname="com.QaLegandProject.scripts.CustomerTest" name="checkcalender" time="0.115"/>
  <system-out/>
  <testcase classname="com.QaLegandProject.scripts.CustomerTest" name="verifyingStatus" time="0.929"/>
  <system-out/>
  <testcase classname="com.QaLegandProject.scripts.CustomerTest" name="verifyingpictureUpload" time="0.759"/>
  <system-out/>
</testsuite> <!-- com.QaLegandProject.scripts.CustomerTest -->
